 #  (1) Input ln[Pc(E,T)] & calculate ln[n(E)] 
 #      using temperature input. 
 #  (2) Calc. numerical1 derivatives of ln[pc(E,T)] 
 #      and output them.
 # 
 #   NOTE: Only well-sampled energy range is output. 
 # 
 # /////////////////////
 # // temperature OK? //
 # /////////////////////
 #  T =    333.477137177000     
 #  RT (kcal / mol) =   0.662690963630387     
 # ************  
 #  N of points =           61
#  pdf(max) & Etop =       -2.797  -106700.00
#     energy range: elow & eup =  -107000.000 to  -106400.000
  -107000.000000000        1.52067369784578       -161467.400297546     
  -106975.000000000        1.51939397784590       -161429.404894599     
  -106950.000000000        1.51860381784674       -161391.430598653     
  -106925.000000000        1.51768059784605       -161353.474703707     
  -106900.000000000        1.51661435784539       -161315.546568761     
  -106875.000000000        1.51571877784620       -161277.643985815     
  -106850.000000000        1.51481993784662       -161239.760629869     
  -106825.000000000        1.51392701784673       -161201.902988923     
  -106800.000000000        1.51280417784583       -161164.064278976     
  -106775.000000000        1.51164893784560       -161126.262780030     
  -106750.000000000        1.51085065784689       -161088.481832084     
  -106725.000000000        1.50984491784649       -161050.720247138     
  -106700.000000000        1.50892483784584       -161012.989586192     
  -106675.000000000        1.50826751784596       -160975.274005246     
  -106650.000000000        1.50730769784655       -160937.576210299     
  -106625.000000000        1.50626793784671       -160899.908620353     
  -106600.000000000        1.50538931784569       -160862.262813407     
  -106575.000000000        1.50415447784588       -160824.639154461     
  -106550.000000000        1.50316707784659       -160787.055089515     
  -106525.000000000        1.50253891784640       -160749.480800569     
  -106500.000000000        1.50141351784579       -160711.928143623     
  -106475.000000000        1.50011041784659       -160674.410124676     
  -106450.000000000        1.49931951784645       -160636.922622730     
  -106425.000000000        1.49839387784596       -160599.444148784     
  -106400.000000000        1.49758097784594       -160562.002928838     
 # N of data for output =           25
 # min & max energy =   -107000.000000000       -106400.000000000     
