 #  (1) Input ln[Pc(E,T)] & calculate ln[n(E)] 
 #      using temperature input. 
 #  (2) Calc. numerical1 derivatives of ln[pc(E,T)] 
 #      and output them.
 # 
 #   NOTE: Only well-sampled energy range is output. 
 # 
 # /////////////////////
 # // temperature OK? //
 # /////////////////////
 #  T =    434.182053494000     
 #  RT (kcal / mol) =   0.862813342637762     
 # ************  
 #  N of points =           69
#  pdf(max) & Etop =       -2.888   -97150.00
#     energy range: elow & eup =   -97500.000 to   -96800.000
  -97500.0000000000        1.16946849028871       -113007.130935150     
  -97475.0000000000        1.16892713028879       -112977.892846392     
  -97450.0000000000        1.16809933028853       -112948.684578635     
  -97425.0000000000        1.16747759028862       -112919.487879878     
  -97400.0000000000        1.16640345028893       -112890.310699121     
  -97375.0000000000        1.16551067028864       -112861.167707364     
  -97350.0000000000        1.16492391028878       -112832.035165606     
  -97325.0000000000        1.16401325028884       -112802.921511849     
  -97300.0000000000        1.16326237028843       -112773.834503092     
  -97275.0000000000        1.16288245028874       -112744.758393335     
  -97250.0000000000        1.16195035028883       -112715.690380578     
  -97225.0000000000        1.16099449028901       -112686.660875820     
  -97200.0000000000        1.16027561028866       -112657.640656063     
  -97175.0000000000        1.15954621028854       -112628.647095306     
  -97150.0000000000        1.15879507028905       -112599.663345549     
  -97125.0000000000        1.15788977028860       -112570.707341791     
  -97100.0000000000        1.15713681028865       -112541.768857034     
  -97075.0000000000        1.15642217028886       -112512.850501277     
  -97050.0000000000        1.15567249028856       -112483.947748520     
  -97025.0000000000        1.15484591028857       -112455.066876763     
  -97000.0000000000        1.15405683028890       -112426.205453005     
  -96975.0000000000        1.15317849028856       -112397.364035248     
  -96950.0000000000        1.15239873028855       -112368.546528491     
  -96925.0000000000        1.15185819028906       -112339.744098734     
  -96900.0000000000        1.15115533028875       -112310.953618976     
  -96875.0000000000        1.15033359028865       -112282.186332219     
  -96850.0000000000        1.14963045028882       -112253.436939462     
  -96825.0000000000        1.14862783028861       -112224.704809705     
  -96800.0000000000        1.14785585028847       -112196.005547948     
 # N of data for output =           29
 # min & max energy =   -97500.0000000000       -96800.0000000000     
