 #  (1) Input ln[Pc(E,T)] & calculate ln[n(E)] 
 #      using temperature input. 
 #  (2) Calc. numerical1 derivatives of ln[pc(E,T)] 
 #      and output them.
 # 
 #   NOTE: Only well-sampled energy range is output. 
 # 
 # /////////////////////
 # // temperature OK? //
 # /////////////////////
 #  T =    650.151162791000     
 #  RT (kcal / mol) =    1.29199052211697     
 # ************  
 #  N of points =           83
#  pdf(max) & Etop =       -3.105   -82250.00
#     energy range: elow & eup =   -82675.000 to   -81800.000
  -82675.0000000000       0.782569745972578       -63995.4171387844     
  -82650.0000000000       0.782269485972647       -63975.8583506351     
  -82625.0000000000       0.782045385972597       -63956.3036644858     
  -82600.0000000000       0.781539965972625       -63936.7560813364     
  -82575.0000000000       0.780755045972619       -63917.2266661871     
  -82550.0000000000       0.780134245972586       -63897.7183290378     
  -82525.0000000000       0.779786585972615       -63878.2199538885     
  -82500.0000000000       0.779150585972529       -63858.7289997392     
  -82475.0000000000       0.778743665972579       -63839.2624245899     
  -82450.0000000000       0.778315645972616       -63819.7918164406     
  -82425.0000000000       0.777610485972691       -63800.3466422912     
  -82400.0000000000       0.777037145972572       -63780.9112921419     
  -82375.0000000000       0.776473965972546       -63761.4947849926     
  -82350.0000000000       0.776153065972612       -63742.0875938433     
  -82325.0000000000       0.775699865972565       -63722.6871316940     
  -82300.0000000000       0.775102865972585       -63703.3026005447     
  -82275.0000000000       0.774800685972587       -63683.9319883954     
  -82250.0000000000       0.774228865972691       -63664.5625662460     
  -82225.0000000000       0.773521965972614       -63645.2205450967     
  -82200.0000000000       0.773032405972626       -63625.8864679474     
  -82175.0000000000       0.772481785972632       -63606.5689247981     
  -82150.0000000000       0.772317825972568       -63587.2623786488     
  -82125.0000000000       0.771800185972534       -63567.9530334995     
  -82100.0000000000       0.771255125972530       -63548.6723693501     
  -82075.0000000000       0.770930365972599       -63529.3902772008     
  -82050.0000000000       0.770090045972611       -63510.1258510515     
  -82025.0000000000       0.769471865972591       -63490.8857749022     
  -82000.0000000000       0.769041745972645       -63471.6522577529     
  -81975.0000000000       0.768704725972493       -63452.4336876036     
  -81950.0000000000       0.768362645972666       -63433.2170214543     
  -81925.0000000000       0.767649065972655       -63414.0155553049     
  -81900.0000000000       0.767075705972529       -63394.8345681556     
  -81875.0000000000       0.766607965972507       -63375.6617700063     
  -81850.0000000000       0.766262705972622       -63356.5041698570     
  -81825.0000000000       0.765942245972692       -63337.3486347077     
  -81800.0000000000       0.765173985972651       -63318.2070575584     
 # N of data for output =           36
 # min & max energy =   -82675.0000000000       -81800.0000000000     
