 #  (1) Input ln[Pc(E,T)] & calculate ln[n(E)] 
 #      using temperature input. 
 #  (2) Calc. numerical1 derivatives of ln[pc(E,T)] 
 #      and output them.
 # 
 #   NOTE: Only well-sampled energy range is output. 
 # 
 # /////////////////////
 # // temperature OK? //
 # /////////////////////
 #  T =    305.164948454000     
 #  RT (kcal / mol) =   0.606428541006278     
 # ************  
 #  N of points =           66
#  pdf(max) & Etop =       -2.724  -109900.00
#     energy range: elow & eup =  -110175.000 to  -109600.000
  -110175.000000000        1.66116058486805       -181682.875748823     
  -110150.000000000        1.66004760486772       -181641.358799201     
  -110125.000000000        1.65891886486788       -181599.873368579     
  -110100.000000000        1.65784376486787       -181558.412855957     
  -110075.000000000        1.65680362486746       -181516.981180336     
  -110050.000000000        1.65575594486843       -181475.572674714     
  -110025.000000000        1.65454116486828       -181434.193383092     
  -110000.000000000        1.65347902486741       -181392.845616471     
  -109975.000000000        1.65249044486787       -181351.519431849     
  -109950.000000000        1.65145806486835       -181310.221094227     
  -109925.000000000        1.65034800486756       -181268.946528606     
  -109900.000000000        1.64914684486750       -181227.703693984     
  -109875.000000000        1.64809402486833       -181186.489186362     
  -109850.000000000        1.64701274486841       -181145.298992740     
  -109825.000000000        1.64595140486781       -181104.138549119     
  -109800.000000000        1.64508858486777       -181063.001422497     
  -109775.000000000        1.64396958486759       -181021.884119875     
  -109750.000000000        1.64269286486786       -180980.802943254     
  -109725.000000000        1.64148112486815       -180939.749476632     
  -109700.000000000        1.64049052486778       -180898.728887010     
  -109675.000000000        1.63944094486767       -180857.724950389     
  -109650.000000000        1.63827376486792       -180816.756839767     
  -109625.000000000        1.63710488486802       -180775.811262145     
  -109600.000000000        1.63618448486784       -180734.901595523     
 # N of data for output =           24
 # min & max energy =   -110175.000000000       -109600.000000000     
