 #  (1) Input ln[Pc(E,T)] & calculate ln[n(E)] 
 #      using temperature input. 
 #  (2) Calc. numerical1 derivatives of ln[pc(E,T)] 
 #      and output them.
 # 
 #   NOTE: Only well-sampled energy range is output. 
 # 
 # /////////////////////
 # // temperature OK? //
 # /////////////////////
 #  T =    367.579985391000     
 #  RT (kcal / mol) =   0.730460675031865     
 # ************  
 #  N of points =           65
#  pdf(max) & Etop =       -2.815  -103175.00
#     energy range: elow & eup =  -103500.000 to  -102875.000
  -103500.000000000        1.38067355082196       -141695.993738099     
  -103475.000000000        1.37954255082237       -141661.496636828     
  -103450.000000000        1.37860371082206       -141627.016610557     
  -103425.000000000        1.37758669082192       -141592.566451287     
  -103400.000000000        1.37676379082201       -141558.137276016     
  -103375.000000000        1.37575789082213       -141523.728261746     
  -103350.000000000        1.37496911082242       -141489.349381475     
  -103325.000000000        1.37414823082217       -141454.979806205     
  -103300.000000000        1.37306685082207       -141420.641969934     
  -103275.000000000        1.37215367082215       -141386.326463664     
  -103250.000000000        1.37117937082250       -141352.034286393     
  -103225.000000000        1.37025429082219       -141317.767495122     
  -103200.000000000        1.36942793082213       -141283.521571852     
  -103175.000000000        1.36846511082258       -141249.296098581     
  -103150.000000000        1.36749763082247       -141215.098316311     
  -103125.000000000        1.36674221082241       -141180.921217040     
  -103100.000000000        1.36594227082212       -141146.761205770     
  -103075.000000000        1.36503711082216       -141112.624103499     
  -103050.000000000        1.36393201082246       -141078.509350229     
  -103025.000000000        1.36296471082256       -141044.427502958     
  -103000.000000000        1.36226149082184       -141010.361114687     
  -102975.000000000        1.36138463082199       -140976.314428417     
  -102950.000000000        1.36016885082237       -140942.291883146     
  -102925.000000000        1.35961063082214       -140908.305985876     
  -102900.000000000        1.35922337082215       -140874.311351605     
  -102875.000000000        1.35778303082217       -140840.344817335     
 # N of data for output =           26
 # min & max energy =   -103500.000000000       -102875.000000000     
