 #  (1) Input ln[Pc(E,T)] & calculate ln[n(E)] 
 #      using temperature input. 
 #  (2) Calc. numerical1 derivatives of ln[pc(E,T)] 
 #      and output them.
 # 
 #   NOTE: Only well-sampled energy range is output. 
 # 
 # /////////////////////
 # // temperature OK? //
 # /////////////////////
 #  T =    323.61221864999999     
 #  RT (kcal / mol) =   0.64308724380679050     
 # ************  
 #  N of points =           64
#  pdf(max) & Etop =       -2.556   -74575.00
#     energy range: elow & eup =   -74825.000 to   -74325.000
  -74825.000000000000        1.5702379672948155       -116357.26173183126     
  -74800.000000000000        1.5689777472947026       -116318.01109664889     
  -74775.000000000000        1.5665974672947778       -116278.81284446652     
  -74750.000000000000        1.5654660672947649       -116239.68122328415     
  -74725.000000000000        1.5645307872947887       -116200.53954110178     
  -74700.000000000000        1.5624650272948202       -116161.45468391941     
  -74675.000000000000        1.5617369872948621       -116122.41628973704     
  -74650.000000000000        1.5599014072949648       -116083.36783455467     
  -74625.000000000000        1.5573124072948121       -116044.42121937229     
  -74600.000000000000        1.5563503272944945       -116005.50221418992     
  -74575.000000000000        1.5551308472943493       -115966.60370300757     
  -74550.000000000000        1.5531624272945919       -115927.74567182521     
  -74525.000000000000        1.5511310672949186       -115888.94558164284     
  -74500.000000000000        1.5496041272950243       -115850.18911846046     
  -74475.000000000000        1.5483204872946954       -115811.46537527809     
  -74450.000000000000        1.5469822072947863       -115772.77309409573     
  -74425.000000000000        1.5464922872948228       -115734.11626491335     
  -74400.000000000000        1.5448296072948142       -115695.44847973099     
  -74375.000000000000        1.5433896072948119       -115656.87478454861     
  -74350.000000000000        1.5424817272947984       -115618.27899936624     
  -74325.000000000000        1.5425465272949077       -115579.75069818387     
 # N of data for output =           21
 # min & max energy =   -74825.000000000000       -74325.000000000000     
