 #  (1) Input ln[Pc(E,T)] & calculate ln[n(E)] 
 #      using temperature input. 
 #  (2) Calc. numerical1 derivatives of ln[pc(E,T)] 
 #      and output them.
 # 
 #   NOTE: Only well-sampled energy range is output. 
 # 
 # /////////////////////
 # // temperature OK? //
 # /////////////////////
 #  T =    318.693476884000     
 #  RT (kcal / mol) =   0.633312643519787     
 # ************  
 #  N of points =           63
#  pdf(max) & Etop =       -2.742  -108325.00
#     energy range: elow & eup =  -108625.000 to  -108025.000
  -108625.000000000        1.59193299135834       -171523.394244347     
  -108600.000000000        1.59096011135844       -171483.606614564     
  -108575.000000000        1.58953845135926       -171443.846238780     
  -108550.000000000        1.58840365135868       -171404.129691996     
  -108525.000000000        1.58747659135901       -171364.426056212     
  -108500.000000000        1.58629805135948       -171324.755862428     
  -108475.000000000        1.58543541135790       -171285.111153644     
  -108450.000000000        1.58423529135820       -171245.484091860     
  -108425.000000000        1.58297805135895       -171205.899389076     
  -108400.000000000        1.58203927135910       -171166.335189292     
  -108375.000000000        1.58095091135940       -171126.797425508     
  -108350.000000000        1.57987575135892       -171087.287643724     
  -108325.000000000        1.57893887135899       -171047.803637940     
  -108300.000000000        1.57790473135829       -171008.340700156     
  -108275.000000000        1.57690707135829       -170968.908401372     
  -108250.000000000        1.57590831135865       -170929.495346588     
  -108225.000000000        1.57474549135892       -170890.112985804     
  -108200.000000000        1.57352741135925       -170850.758072020     
  -108175.000000000        1.57263321135892       -170811.436615236     
  -108150.000000000        1.57187663135875       -170772.126411452     
  -108125.000000000        1.57049779135850       -170732.842783668     
  -108100.000000000        1.56902203135833       -170693.601521884     
  -108075.000000000        1.56818937135860       -170654.391682100     
  -108050.000000000        1.56737805135897       -170615.192053316     
  -108025.000000000        1.56629083135922       -170576.022779532     
 # N of data for output =           25
 # min & max energy =   -108625.000000000       -108025.000000000     
