 #  (1) Input ln[Pc(E,T)] & calculate ln[n(E)] 
 #      using temperature input. 
 #  (2) Calc. numerical1 derivatives of ln[pc(E,T)] 
 #      and output them.
 # 
 #   NOTE: Only well-sampled energy range is output. 
 # 
 # /////////////////////
 # // temperature OK? //
 # /////////////////////
 #  T =    358.416666667000     
 #  RT (kcal / mol) =   0.712251185269942     
 # ************  
 #  N of points =           63
#  pdf(max) & Etop =       -2.794  -104075.00
#     energy range: elow & eup =  -104400.000 to  -103750.000
  -104400.000000000        1.41611862757767       -146582.241272096     
  -104375.000000000        1.41504508757731       -146546.858630406     
  -104350.000000000        1.41439606757718       -146511.489017717     
  -104325.000000000        1.41327982757764       -146476.138827027     
  -104300.000000000        1.41218364757777       -146440.825026338     
  -104275.000000000        1.41137662757770       -146405.529644648     
  -104250.000000000        1.41031602757750       -146370.256194959     
  -104225.000000000        1.40938456757751       -146335.013843270     
  -104200.000000000        1.40877136757772       -146299.786966580     
  -104175.000000000        1.40780842757726       -146264.575274891     
  -104150.000000000        1.40659364757710       -146229.396545201     
  -104125.000000000        1.40564762757742       -146194.245592512     
  -104100.000000000        1.40497828757798       -146159.114163822     
  -104075.000000000        1.40399386757752       -146123.996678133     
  -104050.000000000        1.40283412757737       -146088.914470444     
  -104025.000000000        1.40200960757793       -146053.854971754     
  -104000.000000000        1.40108338757767       -146018.813990065     
  -103975.000000000        1.40020042757737       -145983.800802375     
  -103950.000000000        1.39925600757706       -145948.803968686     
  -103925.000000000        1.39823000757780       -145913.838001996     
  -103900.000000000        1.39747454757860       -145878.892468307     
  -103875.000000000        1.39646802757808       -145843.964274617     
  -103850.000000000        1.39558022757701       -145809.069066928     
  -103825.000000000        1.39477266757749       -145774.185263239     
  -103800.000000000        1.39376106757787       -145739.330433549     
  -103775.000000000        1.39295152757724       -145704.497209860     
  -103750.000000000        1.39214276757732       -145669.682857170     
 # N of data for output =           27
 # min & max energy =   -104400.000000000       -103750.000000000     
