 #  (1) Input ln[Pc(E,T)] & calculate ln[n(E)] 
 #      using temperature input. 
 #  (2) Calc. numerical1 derivatives of ln[pc(E,T)] 
 #      and output them.
 # 
 #   NOTE: Only well-sampled energy range is output. 
 # 
 # /////////////////////
 # // temperature OK? //
 # /////////////////////
 #  T =    300.06976744200000     
 #  RT (kcal / mol) =   0.59630331790013957     
 # ************  
 #  N of points =           75
#  pdf(max) & Etop =       -2.545   -76350.00
#     energy range: elow & eup =   -76550.000 to   -76075.000
  -76550.000000000000        1.6907138862740247       -128378.48890027148     
  -76525.000000000000        1.6896207462740132       -128336.27605611463     
  -76500.000000000000        1.6894051462737842       -128294.00786295778     
  -76475.000000000000        1.6875799662739155       -128251.80579880094     
  -76450.000000000000        1.6857449462739169       -128209.62886464408     
  -76425.000000000000        1.6837773862737231       -128167.51855148724     
  -76400.000000000000        1.6814474662739667       -128125.43999533039     
  -76375.000000000000        1.6806061462740762       -128083.44617817354     
  -76350.000000000000        1.6792207262740704       -128041.40968801669     
  -76325.000000000000        1.6760745862740440       -127999.48514185984     
  -76300.000000000000        1.6748752462738776       -127957.60595870299     
  -76275.000000000000        1.6735460662737023       -127915.74137954615     
  -76250.000000000000        1.6720028262739652       -127873.92865538930     
  -76225.000000000000        1.6708849462741637       -127832.14123823245     
  -76200.000000000000        1.6699232662739814       -127790.38440807560     
  -76175.000000000000        1.6697491662736865       -127748.64507491875     
  -76150.000000000000        1.6674118662739057       -127706.89694976191     
  -76125.000000000000        1.6650170462741516       -127665.27448160505     
  -76100.000000000000        1.6641636662738164       -127623.64609744820     
  -76075.000000000000        1.6649012662738096       -127582.06629829136     
 # N of data for output =           20
 # min & max energy =   -76550.000000000000       -76075.000000000000     
