 #  (1) Input ln[Pc(E,T)] & calculate ln[n(E)] 
 #      using temperature input. 
 #  (2) Calc. numerical1 derivatives of ln[pc(E,T)] 
 #      and output them.
 # 
 #   NOTE: Only well-sampled energy range is output. 
 # 
 # /////////////////////
 # // temperature OK? //
 # /////////////////////
 #  T =    366.77623906700001     
 #  RT (kcal / mol) =   0.72886345781189343     
 # ************  
 #  N of points =           48
#  pdf(max) & Etop =       -2.600   -71600.00
#     energy range: elow & eup =   -71875.000 to   -71350.000
  -71875.000000000000        1.3865133688307834       -98616.838401715329     
  -71850.000000000000        1.3841300888307160       -98582.226872494561     
  -71825.000000000000        1.3832561488306965       -98547.631897273794     
  -71800.000000000000        1.3816878288309089       -98513.064065053026     
  -71775.000000000000        1.3806929288312677       -98478.547505832248     
  -71750.000000000000        1.3794400688310271       -98444.029418611462     
  -71725.000000000000        1.3770461488308501       -98409.575502390697     
  -71700.000000000000        1.3758742688308121       -98375.177111169920     
  -71675.000000000000        1.3754803488307517       -98340.781788949156     
  -71650.000000000000        1.3742870088308701       -98306.403093728382     
  -71625.000000000000        1.3733596488306647       -98272.067438507613     
  -71600.000000000000        1.3713047888307484       -98237.735111286849     
  -71575.000000000000        1.3697209688308067       -98203.502199066075     
  -71550.000000000000        1.3688286488308221       -98169.249062845309     
  -71525.000000000000        1.3672634688307881       -98135.060766624534     
  -71500.000000000000        1.3659866488305852       -98100.885889403769     
  -71475.000000000000        1.3646819888308528       -98066.761434183005     
  -71450.000000000000        1.3640315888309851       -98032.651789962227     
  -71425.000000000000        1.3610860888310707       -97998.559854741456     
  -71400.000000000000        1.3599028688308317       -97964.597485520673     
  -71375.000000000000        1.3593604888307163       -97930.564711299914     
  -71350.000000000000        1.3578710488308570       -97896.629461079137     
 # N of data for output =           22
 # min & max energy =   -71875.000000000000       -71350.000000000000     
