 #  (1) Input ln[Pc(E,T)] & calculate ln[n(E)] 
 #      using temperature input. 
 #  (2) Calc. numerical1 derivatives of ln[pc(E,T)] 
 #      and output them.
 # 
 #   NOTE: Only well-sampled energy range is output. 
 # 
 # /////////////////////
 # // temperature OK? //
 # /////////////////////
 #  T =    409.452400325000     
 #  RT (kcal / mol) =   0.813670190493837     
 # ************  
 #  N of points =           74
#  pdf(max) & Etop =       -2.869   -99275.00
#     energy range: elow & eup =   -99625.000 to   -98950.000
  -99625.0000000000        1.23954652380082       -122443.732435159     
  -99600.0000000000        1.23892940380058       -122412.755189564     
  -99575.0000000000        1.23835120380070       -122381.785964969     
  -99550.0000000000        1.23762660380075       -122350.837629374     
  -99525.0000000000        1.23665182380093       -122319.904634779     
  -99500.0000000000        1.23574330380099       -122289.005038184     
  -99475.0000000000        1.23510822380078       -122258.117469589     
  -99450.0000000000        1.23442236380099       -122227.249626994     
  -99425.0000000000        1.23340124380105       -122196.396351398     
  -99400.0000000000        1.23252628380083       -122165.579564803     
  -99375.0000000000        1.23189982380049       -122134.770037208     
  -99350.0000000000        1.23099640380067       -122103.984573613     
  -99325.0000000000        1.22991316380096       -122073.220217018     
  -99300.0000000000        1.22915468380088       -122042.488915423     
  -99275.0000000000        1.22851664380112       -122011.762482828     
  -99250.0000000000        1.22760324380099       -121981.063083233     
  -99225.0000000000        1.22682248380064       -121950.382320638     
  -99200.0000000000        1.22608298380073       -121919.721959043     
  -99175.0000000000        1.22527240380092       -121889.078171448     
  -99150.0000000000        1.22434584380069       -121858.458338853     
  -99125.0000000000        1.22362200380070       -121827.860879258     
  -99100.0000000000        1.22267058380094       -121797.277238663     
  -99075.0000000000        1.22189642380079       -121766.727350068     
  -99050.0000000000        1.22116058380081       -121736.182417473     
  -99025.0000000000        1.22047804380098       -121705.669320878     
  -99000.0000000000        1.21989132380084       -121675.158515283     
  -98975.0000000000        1.21839050380077       -121644.674754688     
  -98950.0000000000        1.21776056380069       -121614.238990093     
 # N of data for output =           28
 # min & max energy =   -99625.0000000000       -98950.0000000000     
