 #  (1) Input ln[Pc(E,T)] & calculate ln[n(E)] 
 #      using temperature input. 
 #  (2) Calc. numerical1 derivatives of ln[pc(E,T)] 
 #      and output them.
 # 
 #   NOTE: Only well-sampled energy range is output. 
 # 
 # /////////////////////
 # // temperature OK? //
 # /////////////////////
 #  T =    421.454773869000     
 #  RT (kcal / mol) =   0.837521494235550     
 # ************  
 #  N of points =           70
#  pdf(max) & Etop =       -2.891   -98225.00
#     energy range: elow & eup =   -98575.000 to   -97900.000
  -98575.0000000000        1.20414896704431       -117703.102417415     
  -98550.0000000000        1.20377444704471       -117673.008711239     
  -98525.0000000000        1.20303002704459       -117642.913695063     
  -98500.0000000000        1.20208132704458       -117612.857209887     
  -98475.0000000000        1.20158742704458       -117582.809628711     
  -98450.0000000000        1.20071030704450       -117552.777838534     
  -98425.0000000000        1.19962096704461       -117522.774113358     
  -98400.0000000000        1.19896690704452       -117492.796790182     
  -98375.0000000000        1.19825556704454       -117462.825768006     
  -98350.0000000000        1.19723438704445       -117432.884011830     
  -98325.0000000000        1.19660428704461       -117402.964048654     
  -98300.0000000000        1.19574314704456       -117373.053797478     
  -98275.0000000000        1.19477938704455       -117343.176891302     
  -98250.0000000000        1.19426734704437       -117313.314828126     
  -98225.0000000000        1.19361850704445       -117283.463523949     
  -98200.0000000000        1.19277456704440       -117253.633902773     
  -98175.0000000000        1.19196120704466       -117223.824795597     
  -98150.0000000000        1.19111988704477       -117194.035842421     
  -98125.0000000000        1.19023814704444       -117164.268801245     
  -98100.0000000000        1.18960194704443       -117134.523935069     
  -98075.0000000000        1.18887586704455       -117104.788703893     
  -98050.0000000000        1.18806108704448       -117075.080141717     
  -98025.0000000000        1.18703876704443       -117045.385649541     
  -98000.0000000000        1.18600270704454       -117015.728203364     
  -97975.0000000000        1.18522246704466       -116986.085514188     
  -97950.0000000000        1.18501622704469       -116956.467080012     
  -97925.0000000000        1.18413026704453       -116926.834702836     
  -97900.0000000000        1.18320596704434       -116897.260566660     
 # N of data for output =           28
 # min & max energy =   -98575.0000000000       -97900.0000000000     
