 #  (1) Input ln[Pc(E,T)] & calculate ln[n(E)] 
 #      using temperature input. 
 #  (2) Calc. numerical1 derivatives of ln[pc(E,T)] 
 #      and output them.
 # 
 #   NOTE: Only well-sampled energy range is output. 
 # 
 # /////////////////////
 # // temperature OK? //
 # /////////////////////
 #  T =    286.896807298000     
 #  RT (kcal / mol) =   0.570125806225453     
 # ************  
 #  N of points =           62
#  pdf(max) & Etop =       -2.695  -112125.00
#     energy range: elow & eup =  -112400.000 to  -111825.000
  -112400.000000000        1.76751233513467       -197154.029255204     
  -112375.000000000        1.76626297513489       -197109.857885326     
  -112350.000000000        1.76476635513536       -197065.716106447     
  -112325.000000000        1.76354445513571       -197021.619567569     
  -112300.000000000        1.76268181513529       -196977.538883691     
  -112275.000000000        1.76140219513502       -196933.485476812     
  -112250.000000000        1.76000595513498       -196889.468773934     
  -112225.000000000        1.75893101513502       -196845.485179056     
  -112200.000000000        1.75790159513592       -196801.522223177     
  -112175.000000000        1.75670129513543       -196757.590099299     
  -112150.000000000        1.75551659513498       -196713.687158420     
  -112125.000000000        1.75434723513550       -196669.814269542     
  -112100.000000000        1.75330171513488       -196625.969796664     
  -112075.000000000        1.75194309513550       -196582.149183785     
  -112050.000000000        1.75072595513542       -196538.372641907     
  -112025.000000000        1.74976723513508       -196494.612886028     
  -112000.000000000        1.74855395513587       -196450.884280150     
  -111975.000000000        1.74755771513504       -196407.185188272     
  -111950.000000000        1.74651591513481       -196363.506394393     
  -111925.000000000        1.74530499513494       -196319.859392515     
  -111900.000000000        1.74405683513498       -196276.241144637     
  -111875.000000000        1.74325581513578       -196232.656550758     
  -111850.000000000        1.74219359513547       -196189.078353880     
  -111825.000000000        1.74048553513538       -196145.546871001     
 # N of data for output =           24
 # min & max energy =   -112400.000000000       -111825.000000000     
