 #  (1) Input ln[Pc(E,T)] & calculate ln[n(E)] 
 #      using temperature input. 
 #  (2) Calc. numerical1 derivatives of ln[pc(E,T)] 
 #      and output them.
 # 
 #   NOTE: Only well-sampled energy range is output. 
 # 
 # /////////////////////
 # // temperature OK? //
 # /////////////////////
 #  T =    511.399390244000     
 #  RT (kcal / mol) =    1.01626083751856     
 # ************  
 #  N of points =           74
#  pdf(max) & Etop =       -2.974   -91150.00
#     energy range: elow & eup =   -91525.000 to   -90775.000
  -91525.0000000000       0.993495146507921       -90065.2817081508     
  -91500.0000000000       0.992522946508252       -90040.4603104881     
  -91475.0000000000       0.992249726508162       -90015.6555608254     
  -91450.0000000000       0.991765446508070       -89990.8478241627     
  -91425.0000000000       0.990753926507896       -89966.0672885000     
  -91400.0000000000       0.990182646508038       -89941.3101278373     
  -91375.0000000000       0.989886426508310       -89916.5581561746     
  -91350.0000000000       0.989201506507816       -89891.8158065119     
  -91325.0000000000       0.988416526507935       -89867.0980808492     
  -91300.0000000000       0.987724686508300       -89842.3949801865     
  -91275.0000000000       0.987021206508216       -89817.7118465238     
  -91250.0000000000       0.986591906507965       -89793.0439198611     
  -91225.0000000000       0.985855026507925       -89768.3822511984     
  -91200.0000000000       0.985162266507978       -89743.7511685357     
  -91175.0000000000       0.984738686507917       -89719.1241378730     
  -91150.0000000000       0.983932626508176       -89694.5142342103     
  -91125.0000000000       0.983093746508239       -89669.9275065476     
  -91100.0000000000       0.982385066508141       -89645.3595468849     
  -91075.0000000000       0.981974426507950       -89620.8082532222     
  -91050.0000000000       0.981361866508087       -89596.2608255595     
  -91025.0000000000       0.980553326508088       -89571.7401598968     
  -91000.0000000000       0.979945026508067       -89547.2331592341     
  -90975.0000000000       0.979375626507972       -89522.7429085714     
  -90950.0000000000       0.978817366508010       -89498.2643779087     
  -90925.0000000000       0.978040666508314       -89473.8020402460     
  -90900.0000000000       0.977342966508004       -89449.3623445832     
  -90875.0000000000       0.976888446508092       -89424.9348919206     
  -90850.0000000000       0.976291006508109       -89400.5179222578     
  -90825.0000000000       0.975603266507969       -89376.1203415951     
  -90800.0000000000       0.974677746508096       -89351.7377589324     
  -90775.0000000000       0.974286386508029       -89327.3864542697     
 # N of data for output =           31
 # min & max energy =   -91525.0000000000       -90775.0000000000     
