 #  (1) Input ln[Pc(E,T)] & calculate ln[n(E)] 
 #      using temperature input. 
 #  (2) Calc. numerical1 derivatives of ln[pc(E,T)] 
 #      and output them.
 # 
 #   NOTE: Only well-sampled energy range is output. 
 # 
 # /////////////////////
 # // temperature OK? //
 # /////////////////////
 #  T =    550.565645514000     
 #  RT (kcal / mol) =    1.09409263032567     
 # ************  
 #  N of points =           78
#  pdf(max) & Etop =       -3.011   -88475.00
#     energy range: elow & eup =   -88850.000 to   -88075.000
  -88850.0000000000       0.923507312996662       -81213.7412597709     
  -88825.0000000000       0.923070132996945       -81190.6572469460     
  -88800.0000000000       0.922281552997301       -81167.5877531210     
  -88775.0000000000       0.921704952996806       -81144.5431692961     
  -88750.0000000000       0.921170272996533       -81121.5025054712     
  -88725.0000000000       0.920452652996755       -81098.4846556463     
  -88700.0000000000       0.919797392996843       -81075.4798728214     
  -88675.0000000000       0.919205172996735       -81052.4947859964     
  -88650.0000000000       0.918788012996956       -81029.5196141715     
  -88625.0000000000       0.918069572997047       -81006.5553853466     
  -88600.0000000000       0.917494172996958       -80983.6161355217     
  -88575.0000000000       0.917056832996896       -80960.6806766967     
  -88550.0000000000       0.916272512996802       -80937.7632938718     
  -88525.0000000000       0.915645012996683       -80914.8670510469     
  -88500.0000000000       0.915201252996630       -80891.9810432220     
  -88475.0000000000       0.914455172997259       -80869.1069883971     
  -88450.0000000000       0.913796092997072       -80846.2582845721     
  -88425.0000000000       0.913240452996688       -80823.4171837472     
  -88400.0000000000       0.912439712996711       -80800.5962619223     
  -88375.0000000000       0.911872212996823       -80777.7951980974     
  -88350.0000000000       0.911491292996798       -80755.0026512725     
  -88325.0000000000       0.910880892996793       -80732.2206334475     
  -88300.0000000000       0.910224352997320       -80709.4586066226     
  -88275.0000000000       0.909525192996953       -80686.7094157977     
  -88250.0000000000       0.908789292996516       -80663.9823469728     
  -88225.0000000000       0.908390392996662       -80641.2699511479     
  -88200.0000000000       0.907977432996850       -80618.5628273229     
  -88175.0000000000       0.907311872996797       -80595.8710794980     
  -88150.0000000000       0.906738212996861       -80573.1972336731     
  -88125.0000000000       0.906150812997075       -80550.5341688482     
  -88100.0000000000       0.905515052996925       -80527.8896930232     
  -88075.0000000000       0.904485232996813       -80505.2584161983     
 # N of data for output =           32
 # min & max energy =   -88850.0000000000       -88075.0000000000     
