 #  (1) Input ln[Pc(E,T)] & calculate ln[n(E)] 
 #      using temperature input. 
 #  (2) Calc. numerical1 derivatives of ln[pc(E,T)] 
 #      and output them.
 # 
 #   NOTE: Only well-sampled energy range is output. 
 # 
 # /////////////////////
 # // temperature OK? //
 # /////////////////////
 #  T =    336.82530120500002     
 #  RT (kcal / mol) =   0.66934448736185093     
 # ************  
 #  N of points =           55
#  pdf(max) & Etop =       -2.561   -73600.00
#     energy range: elow & eup =   -73875.000 to   -73375.000
  -73875.000000000000        1.5096112878076382       -110373.67017677630     
  -73850.000000000000        1.5073161878075916       -110335.98887058112     
  -73825.000000000000        1.5068112078076228       -110298.30436738592     
  -73800.000000000000        1.5043787878070725       -110260.64831019074     
  -73775.000000000000        1.5032542678073515       -110223.08542799557     
  -73750.000000000000        1.5027522878078161       -110185.48559680037     
  -73725.000000000000        1.5004710078076460       -110147.94781360518     
  -73700.000000000000        1.4989863478075132       -110110.46204640999     
  -73675.000000000000        1.4968658478072030       -110072.99849621480     
  -73650.000000000000        1.4948252478073119       -110035.61875401963     
  -73625.000000000000        1.4946147078074865       -109998.25723382444     
  -73600.000000000000        1.4928511678075302       -109960.88801862925     
  -73575.000000000000        1.4903854678076458       -109923.61467543406     
  -73550.000000000000        1.4898922078072792       -109886.36874523887     
  -73525.000000000000        1.4893030278073274       -109849.12006504369     
  -73500.000000000000        1.4864873878075742       -109811.90359384850     
  -73475.000000000000        1.4847904878074769       -109774.79569565332     
  -73450.000000000000        1.4831752478075213       -109737.66406945813     
  -73425.000000000000        1.4813921478073462       -109700.63693326294     
  -73400.000000000000        1.4808784478073358       -109663.59446206776     
  -73375.000000000000        1.4783104278074461       -109626.59301087257     
 # N of data for output =           21
 # min & max energy =   -73875.000000000000       -73375.000000000000     
