 #  (1) Input ln[Pc(E,T)] & calculate ln[n(E)] 
 #      using temperature input. 
 #  (2) Calc. numerical1 derivatives of ln[pc(E,T)] 
 #      and output them.
 # 
 #   NOTE: Only well-sampled energy range is output. 
 # 
 # /////////////////////
 # // temperature OK? //
 # /////////////////////
 #  T =    281.283957518000     
 #  RT (kcal / mol) =   0.558971863676622     
 # ************  
 #  N of points =           60
#  pdf(max) & Etop =       -2.684  -112825.00
#     energy range: elow & eup =  -113100.000 to  -112550.000
  -113100.000000000        1.80245207189466       -202340.246517282     
  -113075.000000000        1.80099609189434       -202295.191438985     
  -113050.000000000        1.79957839189447       -202250.196712687     
  -113025.000000000        1.79848217189487       -202205.212519390     
  -113000.000000000        1.79697563189489       -202160.272604092     
  -112975.000000000        1.79605017189460       -202115.363737795     
  -112950.000000000        1.79509019189456       -202070.470095498     
  -112925.000000000        1.79387351189449       -202025.609228200     
  -112900.000000000        1.79251471189433       -201980.776419903     
  -112875.000000000        1.79135833189415       -201935.983492606     
  -112850.000000000        1.79017093189468       -201891.208503308     
  -112825.000000000        1.78890951189504       -201846.474946011     
  -112800.000000000        1.78784015189449       -201801.763027713     
  -112775.000000000        1.78656925189483       -201757.082938416     
  -112750.000000000        1.78545289189497       -201712.434565119     
  -112725.000000000        1.78420917189447       -201667.810293821     
  -112700.000000000        1.78316989189479       -201623.224106524     
  -112675.000000000        1.78214117189462       -201578.651799227     
  -112650.000000000        1.78082097189443       -201534.117047929     
  -112625.000000000        1.77957443189458       -201489.610750632     
  -112600.000000000        1.77855781189457       -201445.138326335     
  -112575.000000000        1.77744283189473       -201400.682860037     
  -112550.000000000        1.77678767189442       -201356.266184740     
 # N of data for output =           23
 # min & max energy =   -113100.000000000       -112550.000000000     
