 #  (1) Input ln[Pc(E,T)] & calculate ln[n(E)] 
 #      using temperature input. 
 #  (2) Calc. numerical1 derivatives of ln[pc(E,T)] 
 #      and output them.
 # 
 #   NOTE: Only well-sampled energy range is output. 
 # 
 # /////////////////////
 # // temperature OK? //
 # /////////////////////
 #  T =    298.822446556000     
 #  RT (kcal / mol) =   0.593824622398262     
 # ************  
 #  N of points =           59
#  pdf(max) & Etop =       -2.714  -110650.00
#     energy range: elow & eup =  -110950.000 to  -110350.000
  -110950.000000000        1.69749932162522       -186844.375240282     
  -110925.000000000        1.69583446162462       -186801.961167242     
  -110900.000000000        1.69492928162450       -186759.583517201     
  -110875.000000000        1.69418144162453       -186717.214703161     
  -110850.000000000        1.69293628162472       -186674.874445120     
  -110825.000000000        1.69182766162499       -186632.567889079     
  -110800.000000000        1.69070564162510       -186590.283062039     
  -110775.000000000        1.68943430162501       -186548.032606998     
  -110750.000000000        1.68840358162473       -186505.811346957     
  -110725.000000000        1.68735522162518       -186463.612427917     
  -110700.000000000        1.68625398162520       -186421.443585876     
  -110675.000000000        1.68506698162470       -186379.299728836     
  -110650.000000000        1.68386454162479       -186337.190236795     
  -110625.000000000        1.68285256162460       -186295.106501754     
  -110600.000000000        1.68180310162483       -186253.047608714     
  -110575.000000000        1.68060018162476       -186211.016346673     
  -110550.000000000        1.67947352162504       -186169.017599632     
  -110525.000000000        1.67849056162522       -186127.042670592     
  -110500.000000000        1.67744810162461       -186085.093071551     
  -110475.000000000        1.67628124162497       -186043.170265511     
  -110450.000000000        1.67515908162517       -186001.279009470     
  -110425.000000000        1.67418426162505       -185959.412311429     
  -110400.000000000        1.67321042162483       -185917.569796389     
  -110375.000000000        1.67229636162461       -185875.751790348     
  -110350.000000000        1.67113198162464       -185833.954978307     
 # N of data for output =           25
 # min & max energy =   -110950.000000000       -110350.000000000     
