 #  (1) Input ln[Pc(E,T)] & calculate ln[n(E)] 
 #      using temperature input. 
 #  (2) Calc. numerical1 derivatives of ln[pc(E,T)] 
 #      and output them.
 # 
 #   NOTE: Only well-sampled energy range is output. 
 # 
 # /////////////////////
 # // temperature OK? //
 # /////////////////////
 #  T =    622.023485785000     
 #  RT (kcal / mol) =    1.23609476405216     
 # ************  
 #  N of points =           81
#  pdf(max) & Etop =       -3.085   -83900.00
#     energy range: elow & eup =   -84325.000 to   -83475.000
  -84325.0000000000       0.817545122728625       -68223.8344166005     
  -84300.0000000000       0.817354322728643       -68203.3995210323     
  -84275.0000000000       0.817070882728731       -68182.9667004641     
  -84250.0000000000       0.816394482728501       -68162.5459768959     
  -84225.0000000000       0.815895942728966       -68142.1469763277     
  -84200.0000000000       0.815321302728844       -68121.7511797594     
  -84175.0000000000       0.814601682728680       -68101.3809111912     
  -84150.0000000000       0.814144342728541       -68081.0210956230     
  -84125.0000000000       0.813795902728452       -68060.6736940548     
  -84100.0000000000       0.813207922729198       -68040.3313004866     
  -84075.0000000000       0.812472102728789       -68020.0132979183     
  -84050.0000000000       0.812081662728451       -67999.7076953501     
  -84025.0000000000       0.811603562728560       -67979.4092147819     
  -84000.0000000000       0.810998182728654       -67959.1275172137     
  -83975.0000000000       0.810386742729170       -67938.8593056455     
  -83950.0000000000       0.809837062728766       -67918.6081800773     
  -83925.0000000000       0.809370682728477       -67898.3674525090     
  -83900.0000000000       0.809014242728590       -67878.1396459408     
  -83875.0000000000       0.808524102728697       -67857.9167403726     
  -83850.0000000000       0.807743342729227       -67837.7134408044     
  -83825.0000000000       0.807214662728948       -67817.5295732362     
  -83800.0000000000       0.806698582728568       -67797.3527076679     
  -83775.0000000000       0.806205482728547       -67777.1946440997     
  -83750.0000000000       0.805828742728627       -67757.0424335315     
  -83725.0000000000       0.805252562729001       -67736.9032069633     
  -83700.0000000000       0.804701262728777       -67716.7798053951     
  -83675.0000000000       0.804205782728677       -67696.6681438269     
  -83650.0000000000       0.803473882728722       -67676.5695162586     
  -83625.0000000000       0.803028842728527       -67656.4944496904     
  -83600.0000000000       0.802488622728561       -67636.4180741222     
  -83575.0000000000       0.801805042728665       -67616.3700185540     
  -83550.0000000000       0.801653042729013       -67596.3278219858     
  -83525.0000000000       0.800848142728792       -67576.2873664175     
  -83500.0000000000       0.800345502728596       -67556.2854148493     
  -83475.0000000000       0.799750442728691       -67536.2700912811     
 # N of data for output =           35
 # min & max energy =   -84325.0000000000       -83475.0000000000     
