 #  (1) Input ln[Pc(E,T)] & calculate ln[n(E)] 
 #      using temperature input. 
 #  (2) Calc. numerical1 derivatives of ln[pc(E,T)] 
 #      and output them.
 # 
 #   NOTE: Only well-sampled energy range is output. 
 # 
 # /////////////////////
 # // temperature OK? //
 # /////////////////////
 #  T =    387.387990762000     
 #  RT (kcal / mol) =   0.769823451976710     
 # ************  
 #  N of points =           69
#  pdf(max) & Etop =       -2.847  -101275.00
#     energy range: elow & eup =  -101600.000 to  -100950.000
  -101600.000000000        1.30991625731171       -131982.918222861     
  -101575.000000000        1.30936095731100       -131950.176106428     
  -101550.000000000        1.30848847731133       -131917.450174995     
  -101525.000000000        1.30746939731180       -131884.751682562     
  -101500.000000000        1.30639715731144       -131852.076705129     
  -101475.000000000        1.30559105731198       -131819.431824697     
  -101450.000000000        1.30474739731231       -131786.797152264     
  -101425.000000000        1.30395341731142       -131754.194454831     
  -101400.000000000        1.30322393731098       -131721.599481398     
  -101375.000000000        1.30213677731168       -131689.033257965     
  -101350.000000000        1.30130875731178       -131656.492642533     
  -101325.000000000        1.30057217731141       -131623.967820100     
  -101300.000000000        1.29967085731158       -131591.464033667     
  -101275.000000000        1.29885013731197       -131558.984277234     
  -101250.000000000        1.29800387731171       -131526.521526801     
  -101225.000000000        1.29707905731164       -131494.084083369     
  -101200.000000000        1.29627723731159       -131461.667573936     
  -101175.000000000        1.29547907731147       -131429.270221503     
  -101150.000000000        1.29463829731161       -131396.893620070     
  -101125.000000000        1.29387467731140       -131364.538306638     
  -101100.000000000        1.29298451731156       -131332.199886205     
  -101075.000000000        1.29207613731211       -131299.889080772     
  -101050.000000000        1.29110099731188       -131267.596079339     
  -101025.000000000        1.29009443731105       -131235.334030906     
  -101000.000000000        1.28949193731125       -131203.091357474     
  -100975.000000000        1.28879103731189       -131170.859434041     
  -100950.000000000        1.28804477731173       -131138.651805608     
 # N of data for output =           27
 # min & max energy =   -101600.000000000       -100950.000000000     
