 #  (1) Input ln[Pc(E,T)] & calculate ln[n(E)] 
 #      using temperature input. 
 #  (2) Calc. numerical1 derivatives of ln[pc(E,T)] 
 #      and output them.
 # 
 #   NOTE: Only well-sampled energy range is output. 
 # 
 # /////////////////////
 # // temperature OK? //
 # /////////////////////
 #  T =    349.699096595000     
 #  RT (kcal / mol) =   0.694927494175453     
 # ************  
 #  N of points =           61
#  pdf(max) & Etop =       -2.790  -104975.00
#     energy range: elow & eup =  -105300.000 to  -104675.000
  -105300.000000000        1.45128026433405       -151531.307197386     
  -105275.000000000        1.45047686433361       -151495.036401277     
  -105250.000000000        1.44941644433362       -151458.783354169     
  -105225.000000000        1.44825368433492       -151422.565579061     
  -105200.000000000        1.44738192433491       -151386.370669952     
  -105175.000000000        1.44622606433404       -151350.196482844     
  -105150.000000000        1.44517828433425       -151314.059366736     
  -105125.000000000        1.44430480433395       -151277.937568627     
  -105100.000000000        1.44339588433388       -151241.844126519     
  -105075.000000000        1.44239200433425       -151205.767774411     
  -105050.000000000        1.44139352433383       -151169.724526302     
  -105025.000000000        1.44065450433409       -151133.698098194     
  -105000.000000000        1.43966016433435       -151097.691801085     
  -104975.000000000        1.43856806433410       -151061.715089977     
  -104950.000000000        1.43759460433386       -151025.763397869     
  -104925.000000000        1.43673482433427       -150989.835359760     
  -104900.000000000        1.43586996433500       -150953.926656652     
  -104875.000000000        1.43492458433437       -150918.041861544     
  -104850.000000000        1.43388656433381       -150882.180427435     
  -104825.000000000        1.43291272433416       -150846.347533327     
  -104800.000000000        1.43192158433376       -150810.534791219     
  -104775.000000000        1.43131476433366       -150774.751454110     
  -104750.000000000        1.43043900433404       -150738.969053002     
  -104725.000000000        1.42928114433424       -150703.229503894     
  -104700.000000000        1.42842300433433       -150667.504995785     
  -104675.000000000        1.42740214433405       -150631.808353677     
 # N of data for output =           26
 # min & max energy =   -105300.000000000       -104675.000000000     
