 #  (1) Input ln[Pc(E,T)] & calculate ln[n(E)] 
 #      using temperature input. 
 #  (2) Calc. numerical1 derivatives of ln[pc(E,T)] 
 #      and output them.
 # 
 #   NOTE: Only well-sampled energy range is output. 
 # 
 # /////////////////////
 # // temperature OK? //
 # /////////////////////
 #  T =    292.738219895000     
 #  RT (kcal / mol) =   0.581733952365960     
 # ************  
 #  N of points =           60
#  pdf(max) & Etop =       -2.704  -111400.00
#     energy range: elow & eup =  -111675.000 to  -111100.000
  -111675.000000000        1.73182225838362       -191973.774681976     
  -111650.000000000        1.73080939838313       -191930.490570517     
  -111625.000000000        1.72952685838391       -191887.234212057     
  -111600.000000000        1.72865323838370       -191844.014227597     
  -111575.000000000        1.72771281838301       -191800.801550138     
  -111550.000000000        1.72632793838333       -191757.628586678     
  -111525.000000000        1.72519019838364       -191714.485153219     
  -111500.000000000        1.72404829838313       -191671.369076759     
  -111475.000000000        1.72301249838376       -191628.282738299     
  -111450.000000000        1.72200527838431       -191585.218451840     
  -111425.000000000        1.72082467838307       -191542.182474380     
  -111400.000000000        1.71947747838276       -191499.177217921     
  -111375.000000000        1.71836403838359       -191456.208600461     
  -111350.000000000        1.71724747838336       -191413.259016001     
  -111325.000000000        1.71613997838344       -191370.346226542     
  -111300.000000000        1.71522541838407       -191327.452017082     
  -111275.000000000        1.71407509838347       -191284.584955623     
  -111250.000000000        1.71283051838342       -191241.748262163     
  -111225.000000000        1.71167305838375       -191198.943429704     
  -111200.000000000        1.71070991838293       -191156.164609244     
  -111175.000000000        1.70979343838349       -191113.407933784     
  -111150.000000000        1.70838869838393       -191070.674937325     
  -111125.000000000        1.70724651838362       -191027.988498865     
  -111100.000000000        1.70636507838324       -190985.312611406     
 # N of data for output =           24
 # min & max energy =   -111675.000000000       -111100.000000000     
