 #  (1) Input ln[Pc(E,T)] & calculate ln[n(E)] 
 #      using temperature input. 
 #  (2) Calc. numerical1 derivatives of ln[pc(E,T)] 
 #      and output them.
 # 
 #   NOTE: Only well-sampled energy range is output. 
 # 
 # /////////////////////
 # // temperature OK? //
 # /////////////////////
 #  T =    383.84210526300001     
 #  RT (kcal / mol) =   0.76277701305694701     
 # ************  
 #  N of points =           46
#  pdf(max) & Etop =       -2.631   -70500.00
#     energy range: elow & eup =   -70775.000 to   -70275.000
  -70775.000000000000        1.3269889093420353       -92790.366359203355     
  -70750.000000000000        1.3256478893422172       -92757.223656969800     
  -70725.000000000000        1.3230138093425194       -92724.083964736245     
  -70700.000000000000        1.3204407493423787       -92691.072966502674     
  -70675.000000000000        1.3194058693421540       -92658.061927269126     
  -70650.000000000000        1.3178033293425688       -92625.102673035566     
  -70625.000000000000        1.3163234893424669       -92592.171760801997     
  -70600.000000000000        1.3147160493422416       -92559.286498568443     
  -70575.000000000000        1.3132423293424653       -92526.435958334885     
  -70550.000000000000        1.3117466293423785       -92493.624382101319     
  -70525.000000000000        1.3110984493422437       -92460.848626867766     
  -70500.000000000000        1.3099786693422357       -92428.069459634207     
  -70475.000000000000        1.3079913093423239       -92395.349693400654     
  -70450.000000000000        1.3076095093422919       -92362.669894167091     
  -70425.000000000000        1.3060656693423516       -92329.969217933540     
  -70400.000000000000        1.3032984093425330       -92297.366610699974     
  -70375.000000000000        1.3023412693422869       -92264.804297466413     
  -70350.000000000000        1.3016956693422981       -92232.249547232859     
  -70325.000000000000        1.3004220293424442       -92199.719513999298     
  -70300.000000000000        1.2985287293422152       -92167.228445765737     
  -70275.000000000000        1.2971120693424019       -92134.793077532187     
 # N of data for output =           21
 # min & max energy =   -70775.000000000000       -70275.000000000000     
