 #  (1) Input ln[Pc(E,T)] & calculate ln[n(E)] 
 #      using temperature input. 
 #  (2) Calc. numerical1 derivatives of ln[pc(E,T)] 
 #      and output them.
 # 
 #   NOTE: Only well-sampled energy range is output. 
 # 
 # /////////////////////
 # // temperature OK? //
 # /////////////////////
 #  T =    402.57360000000000     
 #  RT (kcal / mol) =   0.80000053129445503     
 # ************  
 #  N of points =           61
#  pdf(max) & Etop =       -2.657   -68200.00
#     energy range: elow & eup =   -68500.000 to   -67925.000
  -68500.000000000000        1.2629636498528998       -85629.556139928129     
  -68475.000000000000        1.2610432698528167       -85598.009807681796     
  -68450.000000000000        1.2611077698529698       -85566.503976435488     
  -68425.000000000000        1.2609572698530973       -85534.954419189147     
  -68400.000000000000        1.2586569698527454       -85503.456112942833     
  -68375.000000000000        1.2571797298529419       -85472.021570696510     
  -68350.000000000000        1.2564449698533280       -85440.597126450186     
  -68325.000000000000        1.2550173298531444       -85409.199322203844     
  -68300.000000000000        1.2544917698527569       -85377.846259957529     
  -68275.000000000000        1.2537361698527820       -85346.474733711206     
  -68250.000000000000        1.2524294698529410       -85315.159451464890     
  -68225.000000000000        1.2511806898532085       -85283.853260218559     
  -68200.000000000000        1.2490828698530094       -85252.600416972229     
  -68175.000000000000        1.2484535898527247       -85221.399116725908     
  -68150.000000000000        1.2469639298529365       -85190.177737479593     
  -68125.000000000000        1.2450365498531029       -85159.050920233261     
  -68100.000000000000        1.2450000498528242       -85127.925909986938     
  -68075.000000000000        1.2443873098527547       -85096.800917740620     
  -68050.000000000000        1.2421425698531676       -85065.706544494300     
  -68025.000000000000        1.2404716898532933       -85034.693789247962     
  -68000.000000000000        1.2400297698526992       -85003.682960001635     
  -67975.000000000000        1.2381851898526657       -84972.692300755327     
  -67950.000000000000        1.2370046298531816       -84941.773700509002     
  -67925.000000000000        1.2358118498531985       -84910.842069262668     
 # N of data for output =           24
 # min & max energy =   -68500.000000000000       -67925.000000000000     
