 #  (1) Input ln[Pc(E,T)] & calculate ln[n(E)] 
 #      using temperature input. 
 #  (2) Calc. numerical1 derivatives of ln[pc(E,T)] 
 #      and output them.
 # 
 #   NOTE: Only well-sampled energy range is output. 
 # 
 # /////////////////////
 # // temperature OK? //
 # /////////////////////
 #  T =    398.114715190000     
 #  RT (kcal / mol) =   0.791139765916445     
 # ************  
 #  N of points =           66
#  pdf(max) & Etop =       -2.852  -100300.00
#     energy range: elow & eup =  -100625.000 to   -99975.000
  -100625.000000000        1.27564412055479       -127194.574650838     
  -100600.000000000        1.27466832055448       -127162.691153825     
  -100575.000000000        1.27313144055486       -127130.841234811     
  -100550.000000000        1.27205772055517       -127099.034581797     
  -100525.000000000        1.27160122055502       -127067.238348783     
  -100500.000000000        1.27091816055501       -127035.454520769     
  -100475.000000000        1.26986866055493       -127003.692440755     
  -100450.000000000        1.26898296055471       -126971.961087741     
  -100425.000000000        1.26837724055513       -126940.243292727     
  -100400.000000000        1.26763180055510       -126908.542225714     
  -100375.000000000        1.26662936055480       -126876.861702700     
  -100350.000000000        1.26566336055490       -126845.210757686     
  -100325.000000000        1.26486020055512       -126813.578534672     
  -100300.000000000        1.26393972055463       -126781.967747658     
  -100275.000000000        1.26326276055450       -126750.381548644     
  -100250.000000000        1.26253184055502       -126718.804609630     
  -100225.000000000        1.26154716055491       -126687.254956617     
  -100200.000000000        1.26072360055492       -126655.727251603     
  -100175.000000000        1.25985258055502       -126624.218776589     
  -100150.000000000        1.25897038055497       -126592.734622575     
  -100125.000000000        1.25819664055511       -126561.270257561     
  -100100.000000000        1.25743726055487       -126529.824790547     
  -100075.000000000        1.25674590055482       -126498.398394533     
  -100050.000000000        1.25566154055501       -126466.987495519     
  -100025.000000000        1.25477898055513       -126435.615317506     
  -100000.000000000        1.25417354055506       -126404.248546492     
  -99975.0000000000        1.25319926055497       -126372.906640478     
 # N of data for output =           27
 # min & max energy =   -100625.000000000       -99975.0000000000     
