 #  (1) Input ln[Pc(E,T)] & calculate ln[n(E)] 
 #      using temperature input. 
 #  (2) Calc. numerical1 derivatives of ln[pc(E,T)] 
 #      and output them.
 # 
 #   NOTE: Only well-sampled energy range is output. 
 # 
 # /////////////////////
 # // temperature OK? //
 # /////////////////////
 #  T =    289.53797468400001     
 #  RT (kcal / mol) =   0.57537437521268286     
 # ************  
 #  N of points =           84
#  pdf(max) & Etop =       -2.525   -77200.00
#     energy range: elow & eup =   -77425.000 to   -76950.000
  -77425.000000000000        1.7549284057610202       -134569.01022003207     
  -77400.000000000000        1.7537627857609186       -134525.12162488804     
  -77375.000000000000        1.7510901657608338       -134481.32208074402     
  -77350.000000000000        1.7490181257610675       -134437.56711660000     
  -77325.000000000000        1.7471487257612170       -134393.87117445597     
  -77300.000000000000        1.7451013057603268       -134350.20968031193     
  -77275.000000000000        1.7432327457604697       -134306.61610916795     
  -77250.000000000000        1.7412980857613729       -134263.04804302391     
  -77225.000000000000        1.7402479257603409       -134219.55120487988     
  -77200.000000000000        1.7391428257606458       -134176.03564673589     
  -77175.000000000000        1.7362877057614969       -134132.59406359185     
  -77150.000000000000        1.7350255057605681       -134089.22126144782     
  -77125.000000000000        1.7337126257608180       -134045.84278830382     
  -77100.000000000000        1.7315412057610229       -134002.53563015978     
  -77075.000000000000        1.7297367657610447       -133959.26572801577     
  -77050.000000000000        1.7286625657608965       -133916.04879187173     
  -77025.000000000000        1.7272586457605938       -133872.83259972773     
  -77000.000000000000        1.7258078457613011       -133829.68585958370     
  -76975.000000000000        1.7260261857602746       -133786.54220743966     
  -76950.000000000000        1.7267668857605896       -133743.38455029568     
 # N of data for output =           20
 # min & max energy =   -77425.000000000000       -76950.000000000000     
