 #  (1) Input ln[Pc(E,T)] & calculate ln[n(E)] 
 #      using temperature input. 
 #  (2) Calc. numerical1 derivatives of ln[pc(E,T)] 
 #      and output them.
 # 
 #   NOTE: Only well-sampled energy range is output. 
 # 
 # /////////////////////
 # // temperature OK? //
 # /////////////////////
 #  T =    341.395522388000     
 #  RT (kcal / mol) =   0.678426502115261     
 # ************  
 #  N of points =           63
#  pdf(max) & Etop =       -2.783  -105850.00
#     energy range: elow & eup =  -106150.000 to  -105525.000
  -106150.000000000        1.48576634109078       -156469.581339796     
  -106125.000000000        1.48498326109082       -156432.452627269     
  -106100.000000000        1.48400264109136       -156395.332176742     
  -106075.000000000        1.48285580109106       -156358.252495214     
  -106050.000000000        1.48201162109035       -156321.189386687     
  -106025.000000000        1.48087808109063       -156284.151914160     
  -106000.000000000        1.47999116109102       -156247.145482633     
  -105975.000000000        1.47901678109134       -156210.152356105     
  -105950.000000000        1.47804052109073       -156173.194643578     
  -105925.000000000        1.47714186109020       -156136.250330051     
  -105900.000000000        1.47609820109094       -156099.337550524     
  -105875.000000000        1.47516900109127       -156062.445419996     
  -105850.000000000        1.47410586109094       -156025.579100469     
  -105825.000000000        1.47310728109034       -155988.740126942     
  -105800.000000000        1.47220220109099       -155951.923736415     
  -105775.000000000        1.47129438109114       -155915.130016887     
  -105750.000000000        1.47047684109071       -155878.359017360     
  -105725.000000000        1.46965116109117       -155841.606174833     
  -105700.000000000        1.46858028109069       -155804.876459305     
  -105675.000000000        1.46766388109070       -155768.177160778     
  -105650.000000000        1.46643698109081       -155731.493265251     
  -105625.000000000        1.46518370109145       -155694.855311724     
  -105600.000000000        1.46464258109103       -155658.234080196     
  -105575.000000000        1.46388208109012       -155621.623182669     
  -105550.000000000        1.46297876109078       -155585.039976142     
  -105525.000000000        1.46212900109123       -155548.474244615     
 # N of data for output =           26
 # min & max energy =   -106150.000000000       -105525.000000000     
