 #  (1) Input ln[Pc(E,T)] & calculate ln[n(E)] 
 #      using temperature input. 
 #  (2) Calc. numerical1 derivatives of ln[pc(E,T)] 
 #      and output them.
 # 
 #   NOTE: Only well-sampled energy range is output. 
 # 
 # /////////////////////
 # // temperature OK? //
 # /////////////////////
 #  T =    447.701957295000     
 #  RT (kcal / mol) =   0.889680306154123     
 # ************  
 #  N of points =           69
#  pdf(max) & Etop =       -2.907   -96025.00
#     energy range: elow & eup =   -96400.000 to   -95675.000
  -96400.0000000000        1.13450775353267       -108358.422652555     
  -96375.0000000000        1.13406617353263       -108330.065304216     
  -96350.0000000000        1.13347739353310       -108301.719343878     
  -96325.0000000000        1.13291193353274       -108273.391434540     
  -96300.0000000000        1.13215025353275       -108245.073747201     
  -96275.0000000000        1.13126815353258       -108216.783921863     
  -96250.0000000000        1.13038565353258       -108188.510339525     
  -96225.0000000000        1.12961421353277       -108160.264639186     
  -96200.0000000000        1.12898895353253       -108132.029628848     
  -96175.0000000000        1.12824511353305       -108103.815191510     
  -96150.0000000000        1.12740057353280       -108075.617373171     
  -96125.0000000000        1.12651425353251       -108047.445162833     
  -96100.0000000000        1.12582749353256       -108019.291660495     
  -96075.0000000000        1.12512297353271       -107991.153788157     
  -96050.0000000000        1.12437675353314       -107963.035511818     
  -96025.0000000000        1.12366157353274       -107934.934950480     
  -96000.0000000000        1.12288035353267       -107906.852433142     
  -95975.0000000000        1.12200655353285       -107878.790932803     
  -95950.0000000000        1.12117423353251       -107850.752105465     
  -95925.0000000000        1.12054077353241       -107822.732221127     
  -95900.0000000000        1.12000781353272       -107794.725066788     
  -95875.0000000000        1.11910837353324       -107766.731830450     
  -95850.0000000000        1.11820709353284       -107738.769648112     
  -95825.0000000000        1.11777439353260       -107710.821475773     
  -95800.0000000000        1.11700323353260       -107682.880928435     
  -95775.0000000000        1.11637345353258       -107654.971314097     
  -95750.0000000000        1.11567947353295       -107627.062255758     
  -95725.0000000000        1.11457643353264       -107599.187340420     
  -95700.0000000000        1.11373853353260       -107571.333434082     
  -95675.0000000000        1.11288517353270       -107543.500413743     
 # N of data for output =           30
 # min & max energy =   -96400.0000000000       -95675.0000000000     
