 #  (1) Input ln[Pc(E,T)] & calculate ln[n(E)] 
 #      using temperature input. 
 #  (2) Calc. numerical1 derivatives of ln[pc(E,T)] 
 #      and output them.
 # 
 #   NOTE: Only well-sampled energy range is output. 
 # 
 # /////////////////////
 # // temperature OK? //
 # /////////////////////
 #  T =    377.224137931000     
 #  RT (kcal / mol) =   0.749625685245860     
 # ************  
 #  N of points =           67
#  pdf(max) & Etop =       -2.820  -102250.00
#     energy range: elow & eup =  -102575.000 to  -101925.000
  -102575.000000000        1.34593361406762       -136839.664222444     
  -102550.000000000        1.34476207406726       -136806.032108592     
  -102525.000000000        1.34377931406663       -136772.426118740     
  -102500.000000000        1.34283143406734       -136738.843142889     
  -102475.000000000        1.34205605406780       -136705.284547037     
  -102450.000000000        1.34107085406722       -136671.740340185     
  -102425.000000000        1.34018619406736       -136638.231004334     
  -102400.000000000        1.33949193406734       -136604.731030482     
  -102375.000000000        1.33843545406649       -136571.256407630     
  -102350.000000000        1.33758157406701       -136537.809257779     
  -102325.000000000        1.33679897406779       -136504.377328927     
  -102300.000000000        1.33576919406711       -136470.969309075     
  -102275.000000000        1.33480001406744       -136437.588869224     
  -102250.000000000        1.33400555406755       -136404.229308372     
  -102225.000000000        1.33314397406648       -136370.888591520     
  -102200.000000000        1.33210705406731       -136337.572109669     
  -102175.000000000        1.33113669406739       -136304.283238817     
  -102150.000000000        1.33029295406654       -136271.015274965     
  -102125.000000000        1.32959387406707       -136237.768591113     
  -102100.000000000        1.32873813406739       -136204.535581262     
  -102075.000000000        1.32773313406738       -136171.331684410     
  -102050.000000000        1.32694917406712       -136138.148924558     
  -102025.000000000        1.32599287406716       -136104.984225707     
  -102000.000000000        1.32488977406756       -136071.849280855     
  -101975.000000000        1.32412315406720       -136038.739737003     
  -101950.000000000        1.32356577406696       -136005.643123152     
  -101925.000000000        1.32267627406749       -135972.561448300     
 # N of data for output =           27
 # min & max energy =   -102575.000000000       -101925.000000000     
