 #  (1) Input ln[Pc(E,T)] & calculate ln[n(E)] 
 #      using temperature input. 
 #  (2) Calc. numerical1 derivatives of ln[pc(E,T)] 
 #      and output them.
 # 
 #   NOTE: Only well-sampled energy range is output. 
 # 
 # /////////////////////
 # // temperature OK? //
 # /////////////////////
 #  T =    311.39665841599998     
 #  RT (kcal / mol) =   0.61881229215258504     
 # ************  
 #  N of points =           68
#  pdf(max) & Etop =       -2.580   -75475.00
#     energy range: elow & eup =   -75675.000 to   -75200.000
  -75675.000000000000        1.6318314267852110       -122294.94675646180     
  -75650.000000000000        1.6294915067846887       -122254.20878229217     
  -75625.000000000000        1.6282619267847622       -122213.47218112256     
  -75600.000000000000        1.6258380667850725       -122172.79568595294     
  -75575.000000000000        1.6248047467853757       -122132.18027778331     
  -75550.000000000000        1.6229280467852367       -122091.55544861367     
  -75525.000000000000        1.6197439867848880       -122051.03387544405     
  -75500.000000000000        1.6186889067851007       -122010.56824927442     
  -75475.000000000000        1.6173286867854768       -121970.09943010479     
  -75450.000000000000        1.6159370067852432       -121929.70181493515     
  -75425.000000000000        1.6152166467846838       -121889.30257976553     
  -75400.000000000000        1.6128627067847991       -121848.94098259592     
  -75375.000000000000        1.6110098667853163       -121808.65944442629     
  -75350.000000000000        1.6099132267854293       -121768.39048925665     
  -75325.000000000000        1.6084027667850023       -121728.16378308702     
  -75300.000000000000        1.6072810667849262       -121687.97035091740     
  -75275.000000000000        1.6055953867849895       -121647.79972974777     
  -75250.000000000000        1.6043803067851696       -121607.69058157815     
  -75225.000000000000        1.6042567667851109       -121567.58071440851     
  -75200.000000000000        1.6027353267848958       -121527.47774323889     
 # N of data for output =           20
 # min & max energy =   -75675.000000000000       -75200.000000000000     
