 #  (1) Input ln[Pc(E,T)] & calculate ln[n(E)] 
 #      using temperature input. 
 #  (2) Calc. numerical1 derivatives of ln[pc(E,T)] 
 #      and output them.
 # 
 #   NOTE: Only well-sampled energy range is output. 
 # 
 # /////////////////////
 # // temperature OK? //
 # /////////////////////
 #  T =    311.782527881000     
 #  RT (kcal / mol) =   0.619579097966504     
 # ************  
 #  N of points =           64
#  pdf(max) & Etop =       -2.736  -109125.00
#     energy range: elow & eup =  -109425.000 to  -108825.000
  -109425.000000000        1.62721744811395       -176616.519138914     
  -109400.000000000        1.62594962811447       -176575.857224711     
  -109375.000000000        1.62458024811465       -176535.221657508     
  -109350.000000000        1.62359716811392       -176494.628212305     
  -109325.000000000        1.62277280811395       -176454.041799102     
  -109300.000000000        1.62149812811462       -176413.489571900     
  -109275.000000000        1.62035336811445       -176372.966892697     
  -109250.000000000        1.61948164811416       -176332.471903494     
  -109225.000000000        1.61844124811410       -176291.992810291     
  -109200.000000000        1.61724522811419       -176251.549841088     
  -109175.000000000        1.61633486811479       -176211.130548885     
  -109150.000000000        1.61523056811478       -176170.733097682     
  -109125.000000000        1.61402948811417       -176130.369020480     
  -109100.000000000        1.61302270811400       -176090.031623277     
  -109075.000000000        1.61212004811503       -176049.717885074     
  -109050.000000000        1.61107942811504       -176009.425620871     
  -109025.000000000        1.60994838811399       -175969.163913668     
  -109000.000000000        1.60877580811444       -175928.928201465     
  -108975.000000000        1.60778522811423       -175888.725123262     
  -108950.000000000        1.60684572811413       -175848.538940060     
  -108925.000000000        1.60558788811439       -175808.382836857     
  -108900.000000000        1.60453974811418       -175768.259545654     
  -108875.000000000        1.60356714811409       -175728.155849451     
  -108850.000000000        1.60264656811429       -175688.081188248     
  -108825.000000000        1.60182632811484       -175648.023521045     
 # N of data for output =           25
 # min & max energy =   -109425.000000000       -108825.000000000     
