 #  (1) Input ln[Pc(E,T)] & calculate ln[n(E)] 
 #      using temperature input. 
 #  (2) Calc. numerical1 derivatives of ln[pc(E,T)] 
 #      and output them.
 # 
 #   NOTE: Only well-sampled energy range is output. 
 # 
 # /////////////////////
 # // temperature OK? //
 # /////////////////////
 #  T =    572.488054608000     
 #  RT (kcal / mol) =    1.13765718329798     
 # ************  
 #  N of points =           79
#  pdf(max) & Etop =       -3.033   -86975.00
#     energy range: elow & eup =   -87400.000 to   -86575.000
  -87400.0000000000       0.888399976239889       -76829.5741353630     
  -87375.0000000000       0.887918176240055       -76807.3743819569     
  -87350.0000000000       0.887924396239687       -76785.1782265510     
  -87325.0000000000       0.887024436239735       -76762.9781621450     
  -87300.0000000000       0.886206056239898       -76740.8270047390     
  -87275.0000000000       0.885936056239880       -76718.6678593330     
  -87250.0000000000       0.885137956239923       -76696.5302019270     
  -87225.0000000000       0.884626096239954       -76674.4109615210     
  -87200.0000000000       0.883959696239908       -76652.2988971150     
  -87175.0000000000       0.883163276239648       -76630.2129767090     
  -87150.0000000000       0.882651676239911       -76608.1407333030     
  -87125.0000000000       0.882186856240150       -76586.0803928970     
  -87100.0000000000       0.881644196239649       -76564.0313904910     
  -87075.0000000000       0.880972556239576       -76541.9981830850     
  -87050.0000000000       0.880475216239865       -76519.9827626790     
  -87025.0000000000       0.880001796239812       -76497.9744222730     
  -87000.0000000000       0.879349656239792       -76475.9826728670     
  -86975.0000000000       0.878680336240213       -76454.0069394610     
  -86950.0000000000       0.878066856240039       -76432.0486560550     
  -86925.0000000000       0.877309796239424       -76410.1035966490     
  -86900.0000000000       0.876828596239793       -76388.1831662430     
  -86875.0000000000       0.876480936240114       -76366.2621668370     
  -86850.0000000000       0.875859876239847       -76344.3591194310     
  -86825.0000000000       0.875284576239646       -76322.4691730250     
  -86800.0000000000       0.874494396240043       -76300.5948906190     
  -86775.0000000000       0.874129296239989       -76278.7444532130     
  -86750.0000000000       0.873788436239411       -76256.8884258070     
  -86725.0000000000       0.872774916240014       -76235.0550314011     
  -86700.0000000000       0.872493696240126       -76213.2496799950     
  -86675.0000000000       0.871940656239749       -76191.4303465891     
  -86650.0000000000       0.870934996239957       -76169.6526471831     
  -86625.0000000000       0.870381316239946       -76147.8835967771     
  -86600.0000000000       0.870023976239609       -76126.1335813711     
  -86575.0000000000       0.870021536239656       -76104.3823979651     
 # N of data for output =           34
 # min & max energy =   -87400.0000000000       -86575.0000000000     
