 #  (1) Input ln[Pc(E,T)] & calculate ln[n(E)] 
 #      using temperature input. 
 #  (2) Calc. numerical1 derivatives of ln[pc(E,T)] 
 #      and output them.
 # 
 #   NOTE: Only well-sampled energy range is output. 
 # 
 # /////////////////////
 # // temperature OK? //
 # /////////////////////
 #  T =    530.260273973000     
 #  RT (kcal / mol) =    1.05374147957726     
 # ************  
 #  N of points =           75
#  pdf(max) & Etop =       -2.996   -89825.00
#     energy range: elow & eup =   -90225.000 to   -89450.000
  -90225.0000000000       0.958724849751452       -85628.4010418435     
  -90200.0000000000       0.958252449751890       -85604.4434295997     
  -90175.0000000000       0.957794249751896       -85580.4884193559     
  -90150.0000000000       0.957006769751606       -85556.5537171122     
  -90125.0000000000       0.956321469751420       -85532.6380808684     
  -90100.0000000000       0.955862929751456       -85508.7376436246     
  -90075.0000000000       0.955173289751983       -85484.8449343808     
  -90050.0000000000       0.954529289751954       -85460.9789791370     
  -90025.0000000000       0.953977449751401       -85437.1184698932     
  -90000.0000000000       0.953254529751430       -85413.2801066494     
  -89975.0000000000       0.952630089751619       -85389.4557434056     
  -89950.0000000000       0.951850389751780       -85365.6486021618     
  -89925.0000000000       0.951063649751886       -85341.8632239180     
  -89900.0000000000       0.950628549751709       -85318.0954196742     
  -89875.0000000000       0.950037589751591       -85294.3317964304     
  -89850.0000000000       0.949340689751552       -85270.5935401867     
  -89825.0000000000       0.948817849751795       -85246.8647619429     
  -89800.0000000000       0.948132809751842       -85223.1526476991     
  -89775.0000000000       0.947552849751664       -85199.4581214553     
  -89750.0000000000       0.946813349751465       -85175.7750052115     
  -89725.0000000000       0.946159249751363       -85152.1174539677     
  -89700.0000000000       0.945709669751814       -85128.4670427239     
  -89675.0000000000       0.945046749751782       -85104.8319704801     
  -89650.0000000000       0.944393069751677       -85081.2147052363     
  -89625.0000000000       0.943630949751823       -85057.6123169925     
  -89600.0000000000       0.943015289751347       -85034.0331577487     
  -89575.0000000000       0.942513449751714       -85010.4615525050     
  -89550.0000000000       0.942065469751833       -84986.9074852612     
  -89525.0000000000       0.941392629751645       -84963.3582790174     
  -89500.0000000000       0.940674629751593       -84939.8378537736     
  -89475.0000000000       0.939808009751432       -84916.3245475298     
  -89450.0000000000       0.939163009751937       -84892.8474532860     
 # N of data for output =           32
 # min & max energy =   -90225.0000000000       -89450.0000000000     
