 #  (1) Input ln[Pc(E,T)] & calculate ln[n(E)] 
 #      using temperature input. 
 #  (2) Calc. numerical1 derivatives of ln[pc(E,T)] 
 #      and output them.
 # 
 #   NOTE: Only well-sampled energy range is output. 
 # 
 # /////////////////////
 # // temperature OK? //
 # /////////////////////
 #  T =    477.435483871000     
 #  RT (kcal / mol) =   0.948767233508668     
 # ************  
 #  N of points =           75
#  pdf(max) & Etop =       -2.936   -93700.00
#     energy range: elow & eup =   -94050.000 to   -93325.000
  -94050.0000000000        1.06449564002018       -99133.4639008762     
  -94025.0000000000        1.06374400001980       -99106.8642483757     
  -94000.0000000000        1.06301160001982       -99080.2767008752     
  -93975.0000000000        1.06196354001993       -99053.7136683747     
  -93950.0000000000        1.06151130001992       -99027.1785238742     
  -93925.0000000000        1.06110334002005       -99000.6381033737     
  -93900.0000000000        1.06008158001991       -98974.1233568732     
  -93875.0000000000        1.05945504001982       -98947.6340243727     
  -93850.0000000000        1.05870170001988       -98921.1506048722     
  -93825.0000000000        1.05803526002012       -98894.6989393717     
  -93800.0000000000        1.05742882002000       -98868.2488418712     
  -93775.0000000000        1.05651918001997       -98841.8274983707     
  -93750.0000000000        1.05568390002009       -98815.4228828702     
  -93725.0000000000        1.05505184001988       -98789.0433033697     
  -93700.0000000000        1.05437676001980       -98762.6702908692     
  -93675.0000000000        1.05365262001986       -98736.3244653687     
  -93650.0000000000        1.05300472001982       -98709.9876598682     
  -93625.0000000000        1.05206838001992       -98683.6742293678     
  -93600.0000000000        1.05148414002004       -98657.3842408672     
  -93575.0000000000        1.05098688002006       -98631.1000223668     
  -93550.0000000000        1.05028586002009       -98604.8348968662     
  -93525.0000000000        1.04961296001973       -98578.5857293657     
  -93500.0000000000        1.04875310001982       -98552.3542488653     
  -93475.0000000000        1.04811396002013       -98526.1480743648     
  -93450.0000000000        1.04745478001976       -98499.9485508643     
  -93425.0000000000        1.04667080001993       -98473.7753353638     
  -93400.0000000000        1.04603110002005       -98447.6150108633     
  -93375.0000000000        1.04520866001985       -98421.4737803628     
  -93350.0000000000        1.04449298002000       -98395.3545778623     
  -93325.0000000000        1.04383664002002       -98369.2491313618     
 # N of data for output =           30
 # min & max energy =   -94050.0000000000       -93325.0000000000     
