 #  (1) Input ln[Pc(E,T)] & calculate ln[n(E)] 
 #      using temperature input. 
 #  (2) Calc. numerical1 derivatives of ln[pc(E,T)] 
 #      and output them.
 # 
 #   NOTE: Only well-sampled energy range is output. 
 # 
 # /////////////////////
 # // temperature OK? //
 # /////////////////////
 #  T =    351.16329378900002     
 #  RT (kcal / mol) =   0.69783716965620901     
 # ************  
 #  N of points =           43
#  pdf(max) & Etop =       -2.585   -72625.00
#     energy range: elow & eup =   -72900.000 to   -72375.000
  -72900.000000000000        1.4459932483203011       -104470.06317956248     
  -72875.000000000000        1.4450157283205771       -104434.01769035448     
  -72850.000000000000        1.4453462283205589       -104397.81239314645     
  -72825.000000000000        1.4430792883201502       -104361.75037893845     
  -72800.000000000000        1.4426992083204095       -104325.65842873044     
  -72775.000000000000        1.4408119883204926       -104289.61541852243     
  -72750.000000000000        1.4391240483205183       -104253.61782931442     
  -72725.000000000000        1.4376361083207303       -104217.65921610640     
  -72700.000000000000        1.4361795883203741       -104181.73602389838     
  -72675.000000000000        1.4349968883203110       -104145.85023669038     
  -72650.000000000000        1.4341869683208643       -104109.98617948237     
  -72625.000000000000        1.4328293283205129       -104074.14088827434     
  -72600.000000000000        1.4305113483202876       -104038.34471306634     
  -72575.000000000000        1.4288801883204725       -104002.61532085833     
  -72550.000000000000        1.4279473883201717       -103966.90070365032     
  -72525.000000000000        1.4259582883203985       -103931.21795144232     
  -72500.000000000000        1.4244605083207715       -103895.60278923430     
  -72475.000000000000        1.4240147283204714       -103859.99492602628     
  -72450.000000000000        1.4231729283204186       -103824.40205281827     
  -72425.000000000000        1.4216687483206625       -103788.83627961026     
  -72400.000000000000        1.4202900683204644       -103753.31861540224     
  -72375.000000000000        1.4182350683203548       -103717.82177619424     
 # N of data for output =           22
 # min & max energy =   -72900.000000000000       -72375.000000000000     
