 #  (1) Input ln[Pc(E,T)] & calculate ln[n(E)] 
 #      using temperature input. 
 #  (2) Calc. numerical1 derivatives of ln[pc(E,T)] 
 #      and output them.
 # 
 #   NOTE: Only well-sampled energy range is output. 
 # 
 # /////////////////////
 # // temperature OK? //
 # /////////////////////
 #  T =    325.917746114000     
 #  RT (kcal / mol) =   0.647668823910687     
 # ************  
 #  N of points =           60
#  pdf(max) & Etop =       -2.746  -107525.00
#     energy range: elow & eup =  -107825.000 to  -107225.000
  -107825.000000000        1.55681879460171       -166486.240666497     
  -107800.000000000        1.55539715460211       -166447.332003132     
  -107775.000000000        1.55404695460282       -166408.470808766     
  -107750.000000000        1.55302085460222       -166369.629655401     
  -107725.000000000        1.55199697460223       -166330.819766036     
  -107700.000000000        1.55111165460257       -166292.029806671     
  -107675.000000000        1.54998673460272       -166253.264183306     
  -107650.000000000        1.54888157460256       -166214.530469941     
  -107625.000000000        1.54786771460203       -166175.820104576     
  -107600.000000000        1.54679099460249       -166137.137084211     
  -107575.000000000        1.54578043460264       -166098.480554846     
  -107550.000000000        1.54489559460199       -166059.848062481     
  -107525.000000000        1.54381519460178       -166021.235775116     
  -107500.000000000        1.54257413460233       -165982.657302751     
  -107475.000000000        1.54165297460277       -165944.107068386     
  -107450.000000000        1.54065591460210       -165905.574654021     
  -107425.000000000        1.53949021460197       -165867.074272656     
  -107400.000000000        1.53884411460254       -165828.600143291     
  -107375.000000000        1.53763883460255       -165790.132066926     
  -107350.000000000        1.53652621460264       -165751.718201560     
  -107325.000000000        1.53583445460245       -165713.305756195     
  -107300.000000000        1.53456467460259       -165674.926478830     
  -107275.000000000        1.53361147460237       -165636.577522465     
  -107250.000000000        1.53269409460132       -165598.245905100     
  -107225.000000000        1.53134341460187       -165559.942817735     
 # N of data for output =           25
 # min & max energy =   -107825.000000000       -107225.000000000     
