 #  (1) Input ln[Pc(E,T)] & calculate ln[n(E)] 
 #      using temperature input. 
 #  (2) Calc. numerical1 derivatives of ln[pc(E,T)] 
 #      and output them.
 # 
 #   NOTE: Only well-sampled energy range is output. 
 # 
 # /////////////////////
 # // temperature OK? //
 # /////////////////////
 #  T =    462.090909091000     
 #  RT (kcal / mol) =   0.918274255388674     
 # ************  
 #  N of points =           72
#  pdf(max) & Etop =       -2.927   -94900.00
#     energy range: elow & eup =   -95250.000 to   -94525.000
  -95250.0000000000        1.09986245677574       -103732.089998884     
  -95225.0000000000        1.09904817677598       -103704.604009965     
  -95200.0000000000        1.09818263677589       -103677.137590046     
  -95175.0000000000        1.09762787677551       -103649.694878126     
  -95150.0000000000        1.09730125677539       -103622.256196207     
  -95125.0000000000        1.09607411677600       -103594.829815287     
  -95100.0000000000        1.09508869677578       -103567.452490368     
  -95075.0000000000        1.09464429677551       -103540.075380449     
  -95050.0000000000        1.09391963677568       -103512.720275529     
  -95025.0000000000        1.09324479677569       -103485.379398610     
  -95000.0000000000        1.09251523677551       -103458.058035690     
  -94975.0000000000        1.09178215677559       -103430.753636771     
  -94950.0000000000        1.09097161677608       -103403.468927852     
  -94925.0000000000        1.09022009677574       -103376.205055932     
  -94900.0000000000        1.08941213677550       -103348.957923013     
  -94875.0000000000        1.08873651677597       -103321.734449094     
  -94850.0000000000        1.08822677677555       -103294.521097174     
  -94825.0000000000        1.08740009677538       -103267.323110255     
  -94800.0000000000        1.08659041677602       -103240.151092335     
  -94775.0000000000        1.08590559677570       -103212.993589416     
  -94750.0000000000        1.08516355677537       -103185.855812497     
  -94725.0000000000        1.08450585677580       -103158.735411577     
  -94700.0000000000        1.08388271677570       -103131.630519658     
  -94675.0000000000        1.08302893677552       -103104.541275738     
  -94650.0000000000        1.08214759677590       -103077.479072819     
  -94625.0000000000        1.08142907677597       -103050.433895900     
  -94600.0000000000        1.08091235677537       -103023.407618980     
  -94575.0000000000        1.08022485677560       -102996.388278061     
  -94550.0000000000        1.07911305677611       -102969.396376141     
  -94525.0000000000        1.07840883677563       -102942.432625222     
 # N of data for output =           30
 # min & max energy =   -95250.0000000000       -94525.0000000000     
